  main.cpp
c:\program files (x86)\microsoft visual studio 14.0\vc\include\thr\xthread(227): warning C4503: '__LINE__Var': decorated name length exceeded, name was truncated
  c:\program files (x86)\microsoft visual studio 14.0\vc\include\thr\xthread(259): note: see reference to function template instantiation 'std::_LaunchPad<_Target>::_LaunchPad<_Ty>(_Other &&)' being compiled
          with
          [
              _Target=std::unique_ptr<std::tuple<void (__cdecl *)(std::vector<double,std::allocator<double>> &,std::size_t,std::size_t,FunctionalDistribution<pcg32,std::normal_distribution<double>,double> &,pcg32 &,std::size_t),std::reference_wrapper<std::vector<double,std::allocator<double>>>,unsigned __int64,unsigned __int64,std::reference_wrapper<FunctionalDistribution<pcg32,std::normal_distribution<double>,double>>,std::reference_wrapper<pcg32>,unsigned __int64>,std::default_delete<std::tuple<void (__cdecl *)(std::vector<double,std::allocator<double>> &,std::size_t,std::size_t,FunctionalDistribution<pcg32,std::normal_distribution<double>,double> &,pcg32 &,std::size_t),std::reference_wrapper<std::vector<double,std::allocator<double>>>,unsigned __int64,unsigned __int64,std::reference_wrapper<FunctionalDistribution<pcg32,std::normal_distribution<double>,double>>,std::reference_wrapper<pcg32>,unsigned __int64>>>,
              _Ty=std::unique_ptr<std::tuple<void (__cdecl *)(std::vector<double,std::allocator<double>> &,std::size_t,std::size_t,FunctionalDistribution<pcg32,std::normal_distribution<double>,double> &,pcg32 &,std::size_t),std::reference_wrapper<std::vector<double,std::allocator<double>>>,unsigned __int64,unsigned __int64,std::reference_wrapper<FunctionalDistribution<pcg32,std::normal_distribution<double>,double>>,std::reference_wrapper<pcg32>,unsigned __int64>,std::default_delete<std::tuple<void (__cdecl *)(std::vector<double,std::allocator<double>> &,std::size_t,std::size_t,FunctionalDistribution<pcg32,std::normal_distribution<double>,double> &,pcg32 &,std::size_t),std::reference_wrapper<std::vector<double,std::allocator<double>>>,unsigned __int64,unsigned __int64,std::reference_wrapper<FunctionalDistribution<pcg32,std::normal_distribution<double>,double>>,std::reference_wrapper<pcg32>,unsigned __int64>>>,
              _Other=std::unique_ptr<std::tuple<void (__cdecl *)(std::vector<double,std::allocator<double>> &,std::size_t,std::size_t,FunctionalDistribution<pcg32,std::normal_distribution<double>,double> &,pcg32 &,std::size_t),std::reference_wrapper<std::vector<double,std::allocator<double>>>,unsigned __int64,unsigned __int64,std::reference_wrapper<FunctionalDistribution<pcg32,std::normal_distribution<double>,double>>,std::reference_wrapper<pcg32>,unsigned __int64>,std::default_delete<std::tuple<void (__cdecl *)(std::vector<double,std::allocator<double>> &,std::size_t,std::size_t,FunctionalDistribution<pcg32,std::normal_distribution<double>,double> &,pcg32 &,std::size_t),std::reference_wrapper<std::vector<double,std::allocator<double>>>,unsigned __int64,unsigned __int64,std::reference_wrapper<FunctionalDistribution<pcg32,std::normal_distribution<double>,double>>,std::reference_wrapper<pcg32>,unsigned __int64>>>
          ]
  c:\program files (x86)\microsoft visual studio 14.0\vc\include\thr\xthread(259): note: see reference to function template instantiation 'std::_LaunchPad<_Target>::_LaunchPad<_Ty>(_Other &&)' being compiled
          with
          [
              _Target=std::unique_ptr<std::tuple<void (__cdecl *)(std::vector<double,std::allocator<double>> &,std::size_t,std::size_t,FunctionalDistribution<pcg32,std::normal_distribution<double>,double> &,pcg32 &,std::size_t),std::reference_wrapper<std::vector<double,std::allocator<double>>>,unsigned __int64,unsigned __int64,std::reference_wrapper<FunctionalDistribution<pcg32,std::normal_distribution<double>,double>>,std::reference_wrapper<pcg32>,unsigned __int64>,std::default_delete<std::tuple<void (__cdecl *)(std::vector<double,std::allocator<double>> &,std::size_t,std::size_t,FunctionalDistribution<pcg32,std::normal_distribution<double>,double> &,pcg32 &,std::size_t),std::reference_wrapper<std::vector<double,std::allocator<double>>>,unsigned __int64,unsigned __int64,std::reference_wrapper<FunctionalDistribution<pcg32,std::normal_distribution<double>,double>>,std::reference_wrapper<pcg32>,unsigned __int64>>>,
              _Ty=std::unique_ptr<std::tuple<void (__cdecl *)(std::vector<double,std::allocator<double>> &,std::size_t,std::size_t,FunctionalDistribution<pcg32,std::normal_distribution<double>,double> &,pcg32 &,std::size_t),std::reference_wrapper<std::vector<double,std::allocator<double>>>,unsigned __int64,unsigned __int64,std::reference_wrapper<FunctionalDistribution<pcg32,std::normal_distribution<double>,double>>,std::reference_wrapper<pcg32>,unsigned __int64>,std::default_delete<std::tuple<void (__cdecl *)(std::vector<double,std::allocator<double>> &,std::size_t,std::size_t,FunctionalDistribution<pcg32,std::normal_distribution<double>,double> &,pcg32 &,std::size_t),std::reference_wrapper<std::vector<double,std::allocator<double>>>,unsigned __int64,unsigned __int64,std::reference_wrapper<FunctionalDistribution<pcg32,std::normal_distribution<double>,double>>,std::reference_wrapper<pcg32>,unsigned __int64>>>,
              _Other=std::unique_ptr<std::tuple<void (__cdecl *)(std::vector<double,std::allocator<double>> &,std::size_t,std::size_t,FunctionalDistribution<pcg32,std::normal_distribution<double>,double> &,pcg32 &,std::size_t),std::reference_wrapper<std::vector<double,std::allocator<double>>>,unsigned __int64,unsigned __int64,std::reference_wrapper<FunctionalDistribution<pcg32,std::normal_distribution<double>,double>>,std::reference_wrapper<pcg32>,unsigned __int64>,std::default_delete<std::tuple<void (__cdecl *)(std::vector<double,std::allocator<double>> &,std::size_t,std::size_t,FunctionalDistribution<pcg32,std::normal_distribution<double>,double> &,pcg32 &,std::size_t),std::reference_wrapper<std::vector<double,std::allocator<double>>>,unsigned __int64,unsigned __int64,std::reference_wrapper<FunctionalDistribution<pcg32,std::normal_distribution<double>,double>>,std::reference_wrapper<pcg32>,unsigned __int64>>>
          ]
  c:\program files (x86)\microsoft visual studio 14.0\vc\include\thread(50): note: see reference to function template instantiation 'void std::_Launch<std::unique_ptr<std::tuple<void (__cdecl *)(std::vector<double,std::allocator<_Ty>> &,std::size_t,std::size_t,Distribution &,pcg32 &,std::size_t),std::reference_wrapper<std::vector<_Ty,std::allocator<_Ty>>>,unsigned __int64,unsigned __int64,std::reference_wrapper<Distribution>,std::reference_wrapper<pcg32>,unsigned __int64>,std::default_delete<std::tuple<void (__cdecl *)(std::vector<_Ty,std::allocator<_Ty>> &,std::size_t,std::size_t,Distribution &,pcg32 &,std::size_t),std::reference_wrapper<std::vector<_Ty,std::allocator<_Ty>>>,unsigned __int64,unsigned __int64,std::reference_wrapper<Distribution>,std::reference_wrapper<pcg32>,unsigned __int64>>>>(_Thrd_t *,_Target &&)' being compiled
          with
          [
              _Ty=double,
              Distribution=FunctionalDistribution<pcg32,std::normal_distribution<double>,double>,
              _Target=std::unique_ptr<std::tuple<void (__cdecl *)(std::vector<double,std::allocator<double>> &,std::size_t,std::size_t,FunctionalDistribution<pcg32,std::normal_distribution<double>,double> &,pcg32 &,std::size_t),std::reference_wrapper<std::vector<double,std::allocator<double>>>,unsigned __int64,unsigned __int64,std::reference_wrapper<FunctionalDistribution<pcg32,std::normal_distribution<double>,double>>,std::reference_wrapper<pcg32>,unsigned __int64>,std::default_delete<std::tuple<void (__cdecl *)(std::vector<double,std::allocator<double>> &,std::size_t,std::size_t,FunctionalDistribution<pcg32,std::normal_distribution<double>,double> &,pcg32 &,std::size_t),std::reference_wrapper<std::vector<double,std::allocator<double>>>,unsigned __int64,unsigned __int64,std::reference_wrapper<FunctionalDistribution<pcg32,std::normal_distribution<double>,double>>,std::reference_wrapper<pcg32>,unsigned __int64>>>
          ]
  c:\program files (x86)\microsoft visual studio 14.0\vc\include\xmemory0(737): note: see reference to function template instantiation 'std::thread::thread<void(__cdecl &)(std::vector<double,std::allocator<_Ty>> &,std::size_t,std::size_t,Distribution &,pcg32 &,std::size_t),std::reference_wrapper<std::vector<_Ty,std::allocator<_Ty>>>,unsigned __int64,size_t&,std::reference_wrapper<Distribution>,std::reference_wrapper<pcg32>,size_t&,void>(_Fn,std::reference_wrapper<std::vector<_Ty,std::allocator<_Ty>>> &&,unsigned __int64 &&,size_t &,std::reference_wrapper<Distribution> &&,std::reference_wrapper<pcg32> &&,size_t &)' being compiled
          with
          [
              _Ty=double,
              Distribution=FunctionalDistribution<pcg32,std::normal_distribution<double>,double>,
              _Fn=void (__cdecl &)(std::vector<double,std::allocator<double>> &,std::size_t,std::size_t,FunctionalDistribution<pcg32,std::normal_distribution<double>,double> &,pcg32 &,std::size_t)
          ]
  c:\program files (x86)\microsoft visual studio 14.0\vc\include\xmemory0(857): note: see reference to function template instantiation 'void std::allocator<_Ty>::construct<_Objty,void(__cdecl &)(std::vector<double,std::allocator<double>> &,std::size_t,std::size_t,Distribution &,pcg32 &,std::size_t),std::reference_wrapper<std::vector<double,std::allocator<double>>>,unsigned __int64,size_t&,std::reference_wrapper<Distribution>,std::reference_wrapper<pcg32>,size_t&>(_Objty *,void (__cdecl &)(std::vector<double,std::allocator<double>> &,std::size_t,std::size_t,Distribution &,pcg32 &,std::size_t),std::reference_wrapper<std::vector<double,std::allocator<double>>> &&,unsigned __int64 &&,size_t &,std::reference_wrapper<Distribution> &&,std::reference_wrapper<pcg32> &&,size_t &)' being compiled
          with
          [
              _Ty=std::thread,
              _Objty=std::thread,
              Distribution=FunctionalDistribution<pcg32,std::normal_distribution<double>,double>
          ]
  c:\program files (x86)\microsoft visual studio 14.0\vc\include\xmemory0(857): note: see reference to function template instantiation 'void std::allocator<_Ty>::construct<_Objty,void(__cdecl &)(std::vector<double,std::allocator<double>> &,std::size_t,std::size_t,Distribution &,pcg32 &,std::size_t),std::reference_wrapper<std::vector<double,std::allocator<double>>>,unsigned __int64,size_t&,std::reference_wrapper<Distribution>,std::reference_wrapper<pcg32>,size_t&>(_Objty *,void (__cdecl &)(std::vector<double,std::allocator<double>> &,std::size_t,std::size_t,Distribution &,pcg32 &,std::size_t),std::reference_wrapper<std::vector<double,std::allocator<double>>> &&,unsigned __int64 &&,size_t &,std::reference_wrapper<Distribution> &&,std::reference_wrapper<pcg32> &&,size_t &)' being compiled
          with
          [
              _Ty=std::thread,
              _Objty=std::thread,
              Distribution=FunctionalDistribution<pcg32,std::normal_distribution<double>,double>
          ]
  c:\program files (x86)\microsoft visual studio 14.0\vc\include\xmemory0(996): note: see reference to function template instantiation 'void std::allocator_traits<_Alloc>::construct<_Ty,void(__cdecl &)(std::vector<double,std::allocator<double>> &,std::size_t,std::size_t,Distribution &,pcg32 &,std::size_t),std::reference_wrapper<std::vector<double,std::allocator<double>>>,unsigned __int64,size_t&,std::reference_wrapper<Distribution>,std::reference_wrapper<pcg32>,size_t&>(std::allocator<_Ty> &,_Objty *,void (__cdecl &)(std::vector<double,std::allocator<double>> &,std::size_t,std::size_t,Distribution &,pcg32 &,std::size_t),std::reference_wrapper<std::vector<double,std::allocator<double>>> &&,unsigned __int64 &&,size_t &,std::reference_wrapper<Distribution> &&,std::reference_wrapper<pcg32> &&,size_t &)' being compiled
          with
          [
              _Alloc=std::allocator<std::thread>,
              _Ty=std::thread,
              Distribution=FunctionalDistribution<pcg32,std::normal_distribution<double>,double>,
              _Objty=std::thread
          ]
  c:\program files (x86)\microsoft visual studio 14.0\vc\include\xmemory0(995): note: see reference to function template instantiation 'void std::allocator_traits<_Alloc>::construct<_Ty,void(__cdecl &)(std::vector<double,std::allocator<double>> &,std::size_t,std::size_t,Distribution &,pcg32 &,std::size_t),std::reference_wrapper<std::vector<double,std::allocator<double>>>,unsigned __int64,size_t&,std::reference_wrapper<Distribution>,std::reference_wrapper<pcg32>,size_t&>(std::allocator<_Ty> &,_Objty *,void (__cdecl &)(std::vector<double,std::allocator<double>> &,std::size_t,std::size_t,Distribution &,pcg32 &,std::size_t),std::reference_wrapper<std::vector<double,std::allocator<double>>> &&,unsigned __int64 &&,size_t &,std::reference_wrapper<Distribution> &&,std::reference_wrapper<pcg32> &&,size_t &)' being compiled
          with
          [
              _Alloc=std::allocator<std::thread>,
              _Ty=std::thread,
              Distribution=FunctionalDistribution<pcg32,std::normal_distribution<double>,double>,
              _Objty=std::thread
          ]
  c:\program files (x86)\microsoft visual studio 14.0\vc\include\vector(930): note: see reference to function template instantiation 'void std::_Wrap_alloc<std::allocator<_Ty>>::construct<_Ty,void(__cdecl &)(std::vector<double,std::allocator<double>> &,std::size_t,std::size_t,Distribution &,pcg32 &,std::size_t),std::reference_wrapper<std::vector<double,std::allocator<double>>>,unsigned __int64,size_t&,std::reference_wrapper<Distribution>,std::reference_wrapper<pcg32>,size_t&>(_Ty *,void (__cdecl &)(std::vector<double,std::allocator<double>> &,std::size_t,std::size_t,Distribution &,pcg32 &,std::size_t),std::reference_wrapper<std::vector<double,std::allocator<double>>> &&,unsigned __int64 &&,size_t &,std::reference_wrapper<Distribution> &&,std::reference_wrapper<pcg32> &&,size_t &)' being compiled
          with
          [
              _Ty=std::thread,
              Distribution=FunctionalDistribution<pcg32,std::normal_distribution<double>,double>
          ]
  c:\program files (x86)\microsoft visual studio 14.0\vc\include\vector(929): note: see reference to function template instantiation 'void std::_Wrap_alloc<std::allocator<_Ty>>::construct<_Ty,void(__cdecl &)(std::vector<double,std::allocator<double>> &,std::size_t,std::size_t,Distribution &,pcg32 &,std::size_t),std::reference_wrapper<std::vector<double,std::allocator<double>>>,unsigned __int64,size_t&,std::reference_wrapper<Distribution>,std::reference_wrapper<pcg32>,size_t&>(_Ty *,void (__cdecl &)(std::vector<double,std::allocator<double>> &,std::size_t,std::size_t,Distribution &,pcg32 &,std::size_t),std::reference_wrapper<std::vector<double,std::allocator<double>>> &&,unsigned __int64 &&,size_t &,std::reference_wrapper<Distribution> &&,std::reference_wrapper<pcg32> &&,size_t &)' being compiled
          with
          [
              _Ty=std::thread,
              Distribution=FunctionalDistribution<pcg32,std::normal_distribution<double>,double>
          ]
  c:\github\multithreadrnggen\main.cpp(105): note: see reference to function template instantiation 'void std::vector<std::thread,std::allocator<_Ty>>::emplace_back<void(__cdecl &)(std::vector<double,std::allocator<double>> &,std::size_t,std::size_t,Distribution &,pcg32 &,std::size_t),std::reference_wrapper<std::vector<double,std::allocator<double>>>,std::size_t,size_t&,std::reference_wrapper<Distribution>,std::reference_wrapper<pcg32>,size_t&>(void (__cdecl &)(std::vector<double,std::allocator<double>> &,std::size_t,std::size_t,Distribution &,pcg32 &,std::size_t),std::reference_wrapper<std::vector<double,std::allocator<double>>> &&,size_t &&,size_t &,std::reference_wrapper<Distribution> &&,std::reference_wrapper<pcg32> &&,size_t &)' being compiled
          with
          [
              _Ty=std::thread,
              Distribution=FunctionalDistribution<pcg32,std::normal_distribution<double>,double>
          ]
  c:\github\multithreadrnggen\main.cpp(97): note: see reference to function template instantiation 'void std::vector<std::thread,std::allocator<_Ty>>::emplace_back<void(__cdecl &)(std::vector<double,std::allocator<double>> &,std::size_t,std::size_t,Distribution &,pcg32 &,std::size_t),std::reference_wrapper<std::vector<double,std::allocator<double>>>,std::size_t,size_t&,std::reference_wrapper<Distribution>,std::reference_wrapper<pcg32>,size_t&>(void (__cdecl &)(std::vector<double,std::allocator<double>> &,std::size_t,std::size_t,Distribution &,pcg32 &,std::size_t),std::reference_wrapper<std::vector<double,std::allocator<double>>> &&,size_t &&,size_t &,std::reference_wrapper<Distribution> &&,std::reference_wrapper<pcg32> &&,size_t &)' being compiled
          with
          [
              _Ty=std::thread,
              Distribution=FunctionalDistribution<pcg32,std::normal_distribution<double>,double>
          ]
  c:\github\multithreadrnggen\main.cpp(387): note: see reference to function template instantiation 'std::vector<double,std::allocator<_Ty>> distribution_sample_parallel<FunctionalDistribution<pcg32,std::normal_distribution<_Ty>,double>,double>(std::size_t,Distribution &,pcg32 &,std::size_t,std::size_t)' being compiled
          with
          [
              _Ty=double,
              Distribution=FunctionalDistribution<pcg32,std::normal_distribution<double>,double>
          ]
c:\program files (x86)\microsoft visual studio 14.0\vc\include\memory(1242): warning C4503: '__LINE__Var': decorated name length exceeded, name was truncated
  c:\program files (x86)\microsoft visual studio 14.0\vc\include\memory(1334): note: see reference to function template instantiation 'std::_Unique_ptr_base<_Ty,_Dx>::_Unique_ptr_base<std::tuple<void (__cdecl *)(std::vector<double,std::allocator<double>> &,std::size_t,std::size_t,Distribution &,pcg32 &,std::size_t),std::reference_wrapper<std::vector<double,std::allocator<double>>>,unsigned __int64,unsigned __int64,std::reference_wrapper<Distribution>,std::reference_wrapper<pcg32>,unsigned __int64>*,std::default_delete<_Ty>>(_Ptr2,_Dx2 &&)' being compiled
          with
          [
              _Ty=std::tuple<void (__cdecl *)(std::vector<double,std::allocator<double>> &,std::size_t,std::size_t,FunctionalDistribution<pcg32,std::normal_distribution<double>,double> &,pcg32 &,std::size_t),std::reference_wrapper<std::vector<double,std::allocator<double>>>,unsigned __int64,unsigned __int64,std::reference_wrapper<FunctionalDistribution<pcg32,std::normal_distribution<double>,double>>,std::reference_wrapper<pcg32>,unsigned __int64>,
              _Dx=std::default_delete<std::tuple<void (__cdecl *)(std::vector<double,std::allocator<double>> &,std::size_t,std::size_t,FunctionalDistribution<pcg32,std::normal_distribution<double>,double> &,pcg32 &,std::size_t),std::reference_wrapper<std::vector<double,std::allocator<double>>>,unsigned __int64,unsigned __int64,std::reference_wrapper<FunctionalDistribution<pcg32,std::normal_distribution<double>,double>>,std::reference_wrapper<pcg32>,unsigned __int64>>,
              Distribution=FunctionalDistribution<pcg32,std::normal_distribution<double>,double>,
              _Ptr2=std::tuple<void (__cdecl *)(std::vector<double,std::allocator<double>> &,std::size_t,std::size_t,FunctionalDistribution<pcg32,std::normal_distribution<double>,double> &,pcg32 &,std::size_t),std::reference_wrapper<std::vector<double,std::allocator<double>>>,unsigned __int64,unsigned __int64,std::reference_wrapper<FunctionalDistribution<pcg32,std::normal_distribution<double>,double>>,std::reference_wrapper<pcg32>,unsigned __int64> *,
              _Dx2=std::default_delete<std::tuple<void (__cdecl *)(std::vector<double,std::allocator<double>> &,std::size_t,std::size_t,FunctionalDistribution<pcg32,std::normal_distribution<double>,double> &,pcg32 &,std::size_t),std::reference_wrapper<std::vector<double,std::allocator<double>>>,unsigned __int64,unsigned __int64,std::reference_wrapper<FunctionalDistribution<pcg32,std::normal_distribution<double>,double>>,std::reference_wrapper<pcg32>,unsigned __int64>>
          ]
  c:\program files (x86)\microsoft visual studio 14.0\vc\include\memory(1332): note: see reference to function template instantiation 'std::_Unique_ptr_base<_Ty,_Dx>::_Unique_ptr_base<std::tuple<void (__cdecl *)(std::vector<double,std::allocator<double>> &,std::size_t,std::size_t,Distribution &,pcg32 &,std::size_t),std::reference_wrapper<std::vector<double,std::allocator<double>>>,unsigned __int64,unsigned __int64,std::reference_wrapper<Distribution>,std::reference_wrapper<pcg32>,unsigned __int64>*,std::default_delete<_Ty>>(_Ptr2,_Dx2 &&)' being compiled
          with
          [
              _Ty=std::tuple<void (__cdecl *)(std::vector<double,std::allocator<double>> &,std::size_t,std::size_t,FunctionalDistribution<pcg32,std::normal_distribution<double>,double> &,pcg32 &,std::size_t),std::reference_wrapper<std::vector<double,std::allocator<double>>>,unsigned __int64,unsigned __int64,std::reference_wrapper<FunctionalDistribution<pcg32,std::normal_distribution<double>,double>>,std::reference_wrapper<pcg32>,unsigned __int64>,
              _Dx=std::default_delete<std::tuple<void (__cdecl *)(std::vector<double,std::allocator<double>> &,std::size_t,std::size_t,FunctionalDistribution<pcg32,std::normal_distribution<double>,double> &,pcg32 &,std::size_t),std::reference_wrapper<std::vector<double,std::allocator<double>>>,unsigned __int64,unsigned __int64,std::reference_wrapper<FunctionalDistribution<pcg32,std::normal_distribution<double>,double>>,std::reference_wrapper<pcg32>,unsigned __int64>>,
              Distribution=FunctionalDistribution<pcg32,std::normal_distribution<double>,double>,
              _Ptr2=std::tuple<void (__cdecl *)(std::vector<double,std::allocator<double>> &,std::size_t,std::size_t,FunctionalDistribution<pcg32,std::normal_distribution<double>,double> &,pcg32 &,std::size_t),std::reference_wrapper<std::vector<double,std::allocator<double>>>,unsigned __int64,unsigned __int64,std::reference_wrapper<FunctionalDistribution<pcg32,std::normal_distribution<double>,double>>,std::reference_wrapper<pcg32>,unsigned __int64> *,
              _Dx2=std::default_delete<std::tuple<void (__cdecl *)(std::vector<double,std::allocator<double>> &,std::size_t,std::size_t,FunctionalDistribution<pcg32,std::normal_distribution<double>,double> &,pcg32 &,std::size_t),std::reference_wrapper<std::vector<double,std::allocator<double>>>,unsigned __int64,unsigned __int64,std::reference_wrapper<FunctionalDistribution<pcg32,std::normal_distribution<double>,double>>,std::reference_wrapper<pcg32>,unsigned __int64>>
          ]
  c:\program files (x86)\microsoft visual studio 14.0\vc\include\memory(1331): note: while compiling class template member function 'std::unique_ptr<std::tuple<void (__cdecl *)(std::vector<double,std::allocator<_Ty>> &,std::size_t,std::size_t,Distribution &,pcg32 &,std::size_t),std::reference_wrapper<std::vector<_Ty,std::allocator<_Ty>>>,unsigned __int64,unsigned __int64,std::reference_wrapper<Distribution>,std::reference_wrapper<pcg32>,unsigned __int64>,std::default_delete<std::tuple<void (__cdecl *)(std::vector<_Ty,std::allocator<_Ty>> &,std::size_t,std::size_t,Distribution &,pcg32 &,std::size_t),std::reference_wrapper<std::vector<_Ty,std::allocator<_Ty>>>,unsigned __int64,unsigned __int64,std::reference_wrapper<Distribution>,std::reference_wrapper<pcg32>,unsigned __int64>>>::unique_ptr(std::unique_ptr<std::tuple<void (__cdecl *)(std::vector<_Ty,std::allocator<_Ty>> &,std::size_t,std::size_t,Distribution &,pcg32 &,std::size_t),std::reference_wrapper<std::vector<_Ty,std::allocator<_Ty>>>,unsigned __int64,unsigned __int64,std::reference_wrapper<Distribution>,std::reference_wrapper<pcg32>,unsigned __int64>,std::default_delete<std::tuple<void (__cdecl *)(std::vector<_Ty,std::allocator<_Ty>> &,std::size_t,std::size_t,Distribution &,pcg32 &,std::size_t),std::reference_wrapper<std::vector<_Ty,std::allocator<_Ty>>>,unsigned __int64,unsigned __int64,std::reference_wrapper<Distribution>,std::reference_wrapper<pcg32>,unsigned __int64>>> &&) noexcept'
          with
          [
              _Ty=double,
              Distribution=FunctionalDistribution<pcg32,std::normal_distribution<double>,double>
          ]
  c:\program files (x86)\microsoft visual studio 14.0\vc\include\thr\xthread(245): note: see reference to function template instantiation 'std::unique_ptr<std::tuple<void (__cdecl *)(std::vector<double,std::allocator<_Ty>> &,std::size_t,std::size_t,Distribution &,pcg32 &,std::size_t),std::reference_wrapper<std::vector<_Ty,std::allocator<_Ty>>>,unsigned __int64,unsigned __int64,std::reference_wrapper<Distribution>,std::reference_wrapper<pcg32>,unsigned __int64>,std::default_delete<std::tuple<void (__cdecl *)(std::vector<_Ty,std::allocator<_Ty>> &,std::size_t,std::size_t,Distribution &,pcg32 &,std::size_t),std::reference_wrapper<std::vector<_Ty,std::allocator<_Ty>>>,unsigned __int64,unsigned __int64,std::reference_wrapper<Distribution>,std::reference_wrapper<pcg32>,unsigned __int64>>>::unique_ptr(std::unique_ptr<std::tuple<void (__cdecl *)(std::vector<_Ty,std::allocator<_Ty>> &,std::size_t,std::size_t,Distribution &,pcg32 &,std::size_t),std::reference_wrapper<std::vector<_Ty,std::allocator<_Ty>>>,unsigned __int64,unsigned __int64,std::reference_wrapper<Distribution>,std::reference_wrapper<pcg32>,unsigned __int64>,std::default_delete<std::tuple<void (__cdecl *)(std::vector<_Ty,std::allocator<_Ty>> &,std::size_t,std::size_t,Distribution &,pcg32 &,std::size_t),std::reference_wrapper<std::vector<_Ty,std::allocator<_Ty>>>,unsigned __int64,unsigned __int64,std::reference_wrapper<Distribution>,std::reference_wrapper<pcg32>,unsigned __int64>>> &&) noexcept' being compiled
          with
          [
              _Ty=double,
              Distribution=FunctionalDistribution<pcg32,std::normal_distribution<double>,double>
          ]
  c:\program files (x86)\microsoft visual studio 14.0\vc\include\thread(50): note: see reference to class template instantiation 'std::unique_ptr<std::tuple<void (__cdecl *)(std::vector<double,std::allocator<_Ty>> &,std::size_t,std::size_t,Distribution &,pcg32 &,std::size_t),std::reference_wrapper<std::vector<_Ty,std::allocator<_Ty>>>,unsigned __int64,unsigned __int64,std::reference_wrapper<Distribution>,std::reference_wrapper<pcg32>,unsigned __int64>,std::default_delete<std::tuple<void (__cdecl *)(std::vector<_Ty,std::allocator<_Ty>> &,std::size_t,std::size_t,Distribution &,pcg32 &,std::size_t),std::reference_wrapper<std::vector<_Ty,std::allocator<_Ty>>>,unsigned __int64,unsigned __int64,std::reference_wrapper<Distribution>,std::reference_wrapper<pcg32>,unsigned __int64>>>' being compiled
          with
          [
              _Ty=double,
              Distribution=FunctionalDistribution<pcg32,std::normal_distribution<double>,double>
          ]
c:\program files (x86)\microsoft visual studio 14.0\vc\include\xutility(289): warning C4503: '__LINE__Var': decorated name length exceeded, name was truncated
  c:\program files (x86)\microsoft visual studio 14.0\vc\include\memory(1242): note: see reference to function template instantiation 'std::_Compressed_pair<_Dx,std::tuple<void (__cdecl *)(std::vector<double,std::allocator<_Ty>> &,std::size_t,std::size_t,Distribution &,pcg32 &,std::size_t),std::reference_wrapper<std::vector<_Ty,std::allocator<_Ty>>>,unsigned __int64,unsigned __int64,std::reference_wrapper<Distribution>,std::reference_wrapper<pcg32>,unsigned __int64> *,true>::_Compressed_pair<std::default_delete<std::tuple<void (__cdecl *)(std::vector<_Ty,std::allocator<_Ty>> &,std::size_t,std::size_t,Distribution &,pcg32 &,std::size_t),std::reference_wrapper<std::vector<_Ty,std::allocator<_Ty>>>,unsigned __int64,unsigned __int64,std::reference_wrapper<Distribution>,std::reference_wrapper<pcg32>,unsigned __int64>>,_Ptr2&>(std::_One_then_variadic_args_t,_Other1 &&,_Ptr2 &)' being compiled
          with
          [
              _Dx=std::default_delete<std::tuple<void (__cdecl *)(std::vector<double,std::allocator<double>> &,std::size_t,std::size_t,FunctionalDistribution<pcg32,std::normal_distribution<double>,double> &,pcg32 &,std::size_t),std::reference_wrapper<std::vector<double,std::allocator<double>>>,unsigned __int64,unsigned __int64,std::reference_wrapper<FunctionalDistribution<pcg32,std::normal_distribution<double>,double>>,std::reference_wrapper<pcg32>,unsigned __int64>>,
              _Ty=double,
              Distribution=FunctionalDistribution<pcg32,std::normal_distribution<double>,double>,
              _Ptr2=std::tuple<void (__cdecl *)(std::vector<double,std::allocator<double>> &,std::size_t,std::size_t,FunctionalDistribution<pcg32,std::normal_distribution<double>,double> &,pcg32 &,std::size_t),std::reference_wrapper<std::vector<double,std::allocator<double>>>,unsigned __int64,unsigned __int64,std::reference_wrapper<FunctionalDistribution<pcg32,std::normal_distribution<double>,double>>,std::reference_wrapper<pcg32>,unsigned __int64> *,
              _Other1=std::default_delete<std::tuple<void (__cdecl *)(std::vector<double,std::allocator<double>> &,std::size_t,std::size_t,FunctionalDistribution<pcg32,std::normal_distribution<double>,double> &,pcg32 &,std::size_t),std::reference_wrapper<std::vector<double,std::allocator<double>>>,unsigned __int64,unsigned __int64,std::reference_wrapper<FunctionalDistribution<pcg32,std::normal_distribution<double>,double>>,std::reference_wrapper<pcg32>,unsigned __int64>>
          ]
  c:\program files (x86)\microsoft visual studio 14.0\vc\include\memory(1241): note: see reference to function template instantiation 'std::_Compressed_pair<_Dx,std::tuple<void (__cdecl *)(std::vector<double,std::allocator<_Ty>> &,std::size_t,std::size_t,Distribution &,pcg32 &,std::size_t),std::reference_wrapper<std::vector<_Ty,std::allocator<_Ty>>>,unsigned __int64,unsigned __int64,std::reference_wrapper<Distribution>,std::reference_wrapper<pcg32>,unsigned __int64> *,true>::_Compressed_pair<std::default_delete<std::tuple<void (__cdecl *)(std::vector<_Ty,std::allocator<_Ty>> &,std::size_t,std::size_t,Distribution &,pcg32 &,std::size_t),std::reference_wrapper<std::vector<_Ty,std::allocator<_Ty>>>,unsigned __int64,unsigned __int64,std::reference_wrapper<Distribution>,std::reference_wrapper<pcg32>,unsigned __int64>>,_Ptr2&>(std::_One_then_variadic_args_t,_Other1 &&,_Ptr2 &)' being compiled
          with
          [
              _Dx=std::default_delete<std::tuple<void (__cdecl *)(std::vector<double,std::allocator<double>> &,std::size_t,std::size_t,FunctionalDistribution<pcg32,std::normal_distribution<double>,double> &,pcg32 &,std::size_t),std::reference_wrapper<std::vector<double,std::allocator<double>>>,unsigned __int64,unsigned __int64,std::reference_wrapper<FunctionalDistribution<pcg32,std::normal_distribution<double>,double>>,std::reference_wrapper<pcg32>,unsigned __int64>>,
              _Ty=double,
              Distribution=FunctionalDistribution<pcg32,std::normal_distribution<double>,double>,
              _Ptr2=std::tuple<void (__cdecl *)(std::vector<double,std::allocator<double>> &,std::size_t,std::size_t,FunctionalDistribution<pcg32,std::normal_distribution<double>,double> &,pcg32 &,std::size_t),std::reference_wrapper<std::vector<double,std::allocator<double>>>,unsigned __int64,unsigned __int64,std::reference_wrapper<FunctionalDistribution<pcg32,std::normal_distribution<double>,double>>,std::reference_wrapper<pcg32>,unsigned __int64> *,
              _Other1=std::default_delete<std::tuple<void (__cdecl *)(std::vector<double,std::allocator<double>> &,std::size_t,std::size_t,FunctionalDistribution<pcg32,std::normal_distribution<double>,double> &,pcg32 &,std::size_t),std::reference_wrapper<std::vector<double,std::allocator<double>>>,unsigned __int64,unsigned __int64,std::reference_wrapper<FunctionalDistribution<pcg32,std::normal_distribution<double>,double>>,std::reference_wrapper<pcg32>,unsigned __int64>>
          ]
  c:\program files (x86)\microsoft visual studio 14.0\vc\include\memory(1334): note: see reference to function template instantiation 'std::_Unique_ptr_base<_Ty,_Dx>::_Unique_ptr_base<std::tuple<void (__cdecl *)(std::vector<double,std::allocator<double>> &,std::size_t,std::size_t,Distribution &,pcg32 &,std::size_t),std::reference_wrapper<std::vector<double,std::allocator<double>>>,unsigned __int64,unsigned __int64,std::reference_wrapper<Distribution>,std::reference_wrapper<pcg32>,unsigned __int64>*,std::default_delete<_Ty>>(_Ptr2,_Dx2 &&)' being compiled
          with
          [
              _Ty=std::tuple<void (__cdecl *)(std::vector<double,std::allocator<double>> &,std::size_t,std::size_t,FunctionalDistribution<pcg32,std::normal_distribution<double>,double> &,pcg32 &,std::size_t),std::reference_wrapper<std::vector<double,std::allocator<double>>>,unsigned __int64,unsigned __int64,std::reference_wrapper<FunctionalDistribution<pcg32,std::normal_distribution<double>,double>>,std::reference_wrapper<pcg32>,unsigned __int64>,
              _Dx=std::default_delete<std::tuple<void (__cdecl *)(std::vector<double,std::allocator<double>> &,std::size_t,std::size_t,FunctionalDistribution<pcg32,std::normal_distribution<double>,double> &,pcg32 &,std::size_t),std::reference_wrapper<std::vector<double,std::allocator<double>>>,unsigned __int64,unsigned __int64,std::reference_wrapper<FunctionalDistribution<pcg32,std::normal_distribution<double>,double>>,std::reference_wrapper<pcg32>,unsigned __int64>>,
              Distribution=FunctionalDistribution<pcg32,std::normal_distribution<double>,double>,
              _Ptr2=std::tuple<void (__cdecl *)(std::vector<double,std::allocator<double>> &,std::size_t,std::size_t,FunctionalDistribution<pcg32,std::normal_distribution<double>,double> &,pcg32 &,std::size_t),std::reference_wrapper<std::vector<double,std::allocator<double>>>,unsigned __int64,unsigned __int64,std::reference_wrapper<FunctionalDistribution<pcg32,std::normal_distribution<double>,double>>,std::reference_wrapper<pcg32>,unsigned __int64> *,
              _Dx2=std::default_delete<std::tuple<void (__cdecl *)(std::vector<double,std::allocator<double>> &,std::size_t,std::size_t,FunctionalDistribution<pcg32,std::normal_distribution<double>,double> &,pcg32 &,std::size_t),std::reference_wrapper<std::vector<double,std::allocator<double>>>,unsigned __int64,unsigned __int64,std::reference_wrapper<FunctionalDistribution<pcg32,std::normal_distribution<double>,double>>,std::reference_wrapper<pcg32>,unsigned __int64>>
          ]
  c:\program files (x86)\microsoft visual studio 14.0\vc\include\memory(1332): note: see reference to function template instantiation 'std::_Unique_ptr_base<_Ty,_Dx>::_Unique_ptr_base<std::tuple<void (__cdecl *)(std::vector<double,std::allocator<double>> &,std::size_t,std::size_t,Distribution &,pcg32 &,std::size_t),std::reference_wrapper<std::vector<double,std::allocator<double>>>,unsigned __int64,unsigned __int64,std::reference_wrapper<Distribution>,std::reference_wrapper<pcg32>,unsigned __int64>*,std::default_delete<_Ty>>(_Ptr2,_Dx2 &&)' being compiled
          with
          [
              _Ty=std::tuple<void (__cdecl *)(std::vector<double,std::allocator<double>> &,std::size_t,std::size_t,FunctionalDistribution<pcg32,std::normal_distribution<double>,double> &,pcg32 &,std::size_t),std::reference_wrapper<std::vector<double,std::allocator<double>>>,unsigned __int64,unsigned __int64,std::reference_wrapper<FunctionalDistribution<pcg32,std::normal_distribution<double>,double>>,std::reference_wrapper<pcg32>,unsigned __int64>,
              _Dx=std::default_delete<std::tuple<void (__cdecl *)(std::vector<double,std::allocator<double>> &,std::size_t,std::size_t,FunctionalDistribution<pcg32,std::normal_distribution<double>,double> &,pcg32 &,std::size_t),std::reference_wrapper<std::vector<double,std::allocator<double>>>,unsigned __int64,unsigned __int64,std::reference_wrapper<FunctionalDistribution<pcg32,std::normal_distribution<double>,double>>,std::reference_wrapper<pcg32>,unsigned __int64>>,
              Distribution=FunctionalDistribution<pcg32,std::normal_distribution<double>,double>,
              _Ptr2=std::tuple<void (__cdecl *)(std::vector<double,std::allocator<double>> &,std::size_t,std::size_t,FunctionalDistribution<pcg32,std::normal_distribution<double>,double> &,pcg32 &,std::size_t),std::reference_wrapper<std::vector<double,std::allocator<double>>>,unsigned __int64,unsigned __int64,std::reference_wrapper<FunctionalDistribution<pcg32,std::normal_distribution<double>,double>>,std::reference_wrapper<pcg32>,unsigned __int64> *,
              _Dx2=std::default_delete<std::tuple<void (__cdecl *)(std::vector<double,std::allocator<double>> &,std::size_t,std::size_t,FunctionalDistribution<pcg32,std::normal_distribution<double>,double> &,pcg32 &,std::size_t),std::reference_wrapper<std::vector<double,std::allocator<double>>>,unsigned __int64,unsigned __int64,std::reference_wrapper<FunctionalDistribution<pcg32,std::normal_distribution<double>,double>>,std::reference_wrapper<pcg32>,unsigned __int64>>
          ]
c:\github\multithreadrnggen\main.cpp(421): warning C4503: 'std::_LaunchPad<_Target>::_LaunchPad': decorated name length exceeded, name was truncated
          with
          [
              _Target=std::unique_ptr<std::tuple<void (__cdecl *)(std::vector<double,std::allocator<double>> &,std::size_t,std::size_t,FunctionalDistribution<pcg32,std::normal_distribution<double>,double> &,pcg32 &,std::size_t),std::reference_wrapper<std::vector<double,std::allocator<double>>>,unsigned __int64,unsigned __int64,std::reference_wrapper<FunctionalDistribution<pcg32,std::normal_distribution<double>,double>>,std::reference_wrapper<pcg32>,unsigned __int64>,std::default_delete<std::tuple<void (__cdecl *)(std::vector<double,std::allocator<double>> &,std::size_t,std::size_t,FunctionalDistribution<pcg32,std::normal_distribution<double>,double> &,pcg32 &,std::size_t),std::reference_wrapper<std::vector<double,std::allocator<double>>>,unsigned __int64,unsigned __int64,std::reference_wrapper<FunctionalDistribution<pcg32,std::normal_distribution<double>,double>>,std::reference_wrapper<pcg32>,unsigned __int64>>>
          ]
c:\github\multithreadrnggen\main.cpp(421): warning C4503: 'std::_Unique_ptr_base<_Ty,_Dx>::_Unique_ptr_base': decorated name length exceeded, name was truncated
          with
          [
              _Ty=std::tuple<void (__cdecl *)(std::vector<double,std::allocator<double>> &,std::size_t,std::size_t,FunctionalDistribution<pcg32,std::normal_distribution<double>,double> &,pcg32 &,std::size_t),std::reference_wrapper<std::vector<double,std::allocator<double>>>,unsigned __int64,unsigned __int64,std::reference_wrapper<FunctionalDistribution<pcg32,std::normal_distribution<double>,double>>,std::reference_wrapper<pcg32>,unsigned __int64>,
              _Dx=std::default_delete<std::tuple<void (__cdecl *)(std::vector<double,std::allocator<double>> &,std::size_t,std::size_t,FunctionalDistribution<pcg32,std::normal_distribution<double>,double> &,pcg32 &,std::size_t),std::reference_wrapper<std::vector<double,std::allocator<double>>>,unsigned __int64,unsigned __int64,std::reference_wrapper<FunctionalDistribution<pcg32,std::normal_distribution<double>,double>>,std::reference_wrapper<pcg32>,unsigned __int64>>
          ]
c:\github\multithreadrnggen\main.cpp(421): warning C4503: 'std::_Compressed_pair<_Dx,std::tuple<void (__cdecl *)(std::vector<double,std::allocator<_Ty>> &,std::size_t,std::size_t,Distribution &,pcg32 &,std::size_t),std::reference_wrapper<std::vector<_Ty,std::allocator<_Ty>>>,unsigned __int64,unsigned __int64,std::reference_wrapper<Distribution>,std::reference_wrapper<pcg32>,unsigned __int64> *,true>::_Compressed_pair': decorated name length exceeded, name was truncated
          with
          [
              _Dx=std::default_delete<std::tuple<void (__cdecl *)(std::vector<double,std::allocator<double>> &,std::size_t,std::size_t,FunctionalDistribution<pcg32,std::normal_distribution<double>,double> &,pcg32 &,std::size_t),std::reference_wrapper<std::vector<double,std::allocator<double>>>,unsigned __int64,unsigned __int64,std::reference_wrapper<FunctionalDistribution<pcg32,std::normal_distribution<double>,double>>,std::reference_wrapper<pcg32>,unsigned __int64>>,
              _Ty=double,
              Distribution=FunctionalDistribution<pcg32,std::normal_distribution<double>,double>
          ]
  MutithreadRNG.vcxproj -> C:\GitHub\MultithreadRNGgen\x64\Debug\MutithreadRNG.exe
  MutithreadRNG.vcxproj -> C:\GitHub\MultithreadRNGgen\x64\Debug\MutithreadRNG.pdb (Full PDB)
